# JRE version: Java(TM) SE Runtime Environment (8.0_161-b12) (build 1.8.0_161-b12)
# Java VM: Java HotSpot(TM) 64-Bit Server VM (25.161-b12 mixed mode windows-amd64 compressed oops)
Heap:
 PSYoungGen      total 794624K, used 307980K [0x000000076ae00000, 0x000000079d580000, 0x00000007c0000000)
  eden space 781312K, 39% used [0x000000076ae00000,0x000000077dac3020,0x000000079a900000)
  from space 13312K, 0% used [0x000000079c880000,0x000000079c880000,0x000000079d580000)
  to   space 17408K, 0% used [0x000000079b380000,0x000000079b380000,0x000000079c480000)
 ParOldGen       total 90112K, used 22836K [0x00000006c0a00000, 0x00000006c6200000, 0x000000076ae00000)
  object space 90112K, 25% used [0x00000006c0a00000,0x00000006c204d2e0,0x00000006c6200000)
 Metaspace       used 41261K, capacity 42037K, committed 42240K, reserved 1091584K
  class space    used 5184K, capacity 5361K, committed 5376K, reserved 1048576K
GC Heap History (10 events):
Event: 9.266 GC heap before
{Heap before GC invocations=6 (full 1):
 PSYoungGen      total 272896K, used 262144K [0x000000076ae00000, 0x000000077c300000, 0x00000007c0000000)
  eden space 262144K, 100% used [0x000000076ae00000,0x000000077ae00000,0x000000077ae00000)
  from space 10752K, 0% used [0x000000077b880000,0x000000077b880000,0x000000077c300000)
  to   space 10752K, 0% used [0x000000077ae00000,0x000000077ae00000,0x000000077b880000)
 ParOldGen       total 90112K, used 12004K [0x00000006c0a00000, 0x00000006c6200000, 0x000000076ae00000)
  object space 90112K, 13% used [0x00000006c0a00000,0x00000006c15b9208,0x00000006c6200000)
 Metaspace       used 21959K, capacity 22454K, committed 22576K, reserved 1069056K
  class space    used 2754K, capacity 2872K, committed 2944K, reserved 1048576K
Event: 9.275 GC heap after
Heap after GC invocations=6 (full 1):
 PSYoungGen      total 272896K, used 4497K [0x000000076ae00000, 0x0000000789c80000, 0x00000007c0000000)
  eden space 262144K, 0% used [0x000000076ae00000,0x000000076ae00000,0x000000077ae00000)
  from space 10752K, 41% used [0x000000077ae00000,0x000000077b2647a8,0x000000077b880000)
  to   space 15872K, 0% used [0x0000000788d00000,0x0000000788d00000,0x0000000789c80000)
 ParOldGen       total 90112K, used 12012K [0x00000006c0a00000, 0x00000006c6200000, 0x000000076ae00000)
  object space 90112K, 13% used [0x00000006c0a00000,0x00000006c15bb208,0x00000006c6200000)
 Metaspace       used 21959K, capacity 22454K, committed 22576K, reserved 1069056K
  class space    used 2754K, capacity 2872K, committed 2944K, reserved 1048576K
}
Event: 10.393 GC heap before
{Heap before GC invocations=7 (full 1):
 PSYoungGen      total 272896K, used 266641K [0x000000076ae00000, 0x0000000789c80000, 0x00000007c0000000)
  eden space 262144K, 100% used [0x000000076ae00000,0x000000077ae00000,0x000000077ae00000)
  from space 10752K, 41% used [0x000000077ae00000,0x000000077b2647a8,0x000000077b880000)
  to   space 15872K, 0% used [0x0000000788d00000,0x0000000788d00000,0x0000000789c80000)
 ParOldGen       total 90112K, used 12012K [0x00000006c0a00000, 0x00000006c6200000, 0x000000076ae00000)
  object space 90112K, 13% used [0x00000006c0a00000,0x00000006c15bb208,0x00000006c6200000)
 Metaspace       used 21968K, capacity 22454K, committed 22576K, reserved 1069056K
  class space    used 2754K, capacity 2872K, committed 2944K, reserved 1048576K
Event: 10.397 GC heap after
Heap after GC invocations=7 (full 1):
 PSYoungGen      total 470016K, used 2272K [0x000000076ae00000, 0x0000000789300000, 0x00000007c0000000)
  eden space 463872K, 0% used [0x000000076ae00000,0x000000076ae00000,0x0000000787300000)
  from space 6144K, 36% used [0x0000000788d00000,0x0000000788f38000,0x0000000789300000)
  to   space 16384K, 0% used [0x0000000787300000,0x0000000787300000,0x0000000788300000)
 ParOldGen       total 90112K, used 12020K [0x00000006c0a00000, 0x00000006c6200000, 0x000000076ae00000)
  object space 90112K, 13% used [0x00000006c0a00000,0x00000006c15bd208,0x00000006c6200000)
 Metaspace       used 21968K, capacity 22454K, committed 22576K, reserved 1069056K
  class space    used 2754K, capacity 2872K, committed 2944K, reserved 1048576K
}
Event: 16.471 GC heap before
{Heap before GC invocations=8 (full 1):
 PSYoungGen      total 470016K, used 466144K [0x000000076ae00000, 0x0000000789300000, 0x00000007c0000000)
  eden space 463872K, 100% used [0x000000076ae00000,0x0000000787300000,0x0000000787300000)
  from space 6144K, 36% used [0x0000000788d00000,0x0000000788f38000,0x0000000789300000)
  to   space 16384K, 0% used [0x0000000787300000,0x0000000787300000,0x0000000788300000)
 ParOldGen       total 90112K, used 12020K [0x00000006c0a00000, 0x00000006c6200000, 0x000000076ae00000)
  object space 90112K, 13% used [0x00000006c0a00000,0x00000006c15bd208,0x00000006c6200000)
 Metaspace       used 25247K, capacity 25822K, committed 25984K, reserved 1071104K
  class space    used 3228K, capacity 3364K, committed 3456K, reserved 1048576K
Event: 16.482 GC heap after
Heap after GC invocations=8 (full 1):
 PSYoungGen      total 480256K, used 8982K [0x000000076ae00000, 0x000000079d800000, 0x00000007c0000000)
  eden space 463872K, 0% used [0x000000076ae00000,0x000000076ae00000,0x0000000787300000)
  from space 16384K, 54% used [0x0000000787300000,0x0000000787bc5990,0x0000000788300000)
  to   space 15872K, 0% used [0x000000079c880000,0x000000079c880000,0x000000079d800000)
 ParOldGen       total 90112K, used 12028K [0x00000006c0a00000, 0x00000006c6200000, 0x000000076ae00000)
  object space 90112K, 13% used [0x00000006c0a00000,0x00000006c15bf208,0x00000006c6200000)
 Metaspace       used 25247K, capacity 25822K, committed 25984K, reserved 1071104K
  class space    used 3228K, capacity 3364K, committed 3456K, reserved 1048576K
}
Event: 18.860 GC heap before
{Heap before GC invocations=9 (full 1):
 PSYoungGen      total 480256K, used 242464K [0x000000076ae00000, 0x000000079d800000, 0x00000007c0000000)
  eden space 463872K, 50% used [0x000000076ae00000,0x0000000779202700,0x0000000787300000)
  from space 16384K, 54% used [0x0000000787300000,0x0000000787bc5990,0x0000000788300000)
  to   space 15872K, 0% used [0x000000079c880000,0x000000079c880000,0x000000079d800000)
 ParOldGen       total 90112K, used 12028K [0x00000006c0a00000, 0x00000006c6200000, 0x000000076ae00000)
  object space 90112K, 13% used [0x00000006c0a00000,0x00000006c15bf208,0x00000006c6200000)
 Metaspace       used 31931K, capacity 32528K, committed 32768K, reserved 1081344K
  class space    used 4142K, capacity 4279K, committed 4352K, reserved 1048576K
Event: 18.875 GC heap after
Heap after GC invocations=9 (full 1):
 PSYoungGen      total 794624K, used 13297K [0x000000076ae00000, 0x000000079d580000, 0x00000007c0000000)
  eden space 781312K, 0% used [0x000000076ae00000,0x000000076ae00000,0x000000079a900000)
  from space 13312K, 99% used [0x000000079c880000,0x000000079d57c448,0x000000079d580000)
  to   space 17408K, 0% used [0x000000079b380000,0x000000079b380000,0x000000079c480000)
 ParOldGen       total 90112K, used 12036K [0x00000006c0a00000, 0x00000006c6200000, 0x000000076ae00000)
  object space 90112K, 13% used [0x00000006c0a00000,0x00000006c15c1208,0x00000006c6200000)
 Metaspace       used 31931K, capacity 32528K, committed 32768K, reserved 1081344K
  class space    used 4142K, capacity 4279K, committed 4352K, reserved 1048576K
}
Event: 18.875 GC heap before
{Heap before GC invocations=10 (full 2):
 PSYoungGen      total 794624K, used 13297K [0x000000076ae00000, 0x000000079d580000, 0x00000007c0000000)
  eden space 781312K, 0% used [0x000000076ae00000,0x000000076ae00000,0x000000079a900000)
  from space 13312K, 99% used [0x000000079c880000,0x000000079d57c448,0x000000079d580000)
  to   space 17408K, 0% used [0x000000079b380000,0x000000079b380000,0x000000079c480000)
 ParOldGen       total 90112K, used 12036K [0x00000006c0a00000, 0x00000006c6200000, 0x000000076ae00000)
  object space 90112K, 13% used [0x00000006c0a00000,0x00000006c15c1208,0x00000006c6200000)
 Metaspace       used 31931K, capacity 32528K, committed 32768K, reserved 1081344K
  class space    used 4142K, capacity 4279K, committed 4352K, reserved 1048576K
Event: 18.988 GC heap after
Heap after GC invocations=10 (full 2):
 PSYoungGen      total 794624K, used 0K [0x000000076ae00000, 0x000000079d580000, 0x00000007c0000000)
  eden space 781312K, 0% used [0x000000076ae00000,0x000000076ae00000,0x000000079a900000)
  from space 13312K, 0% used [0x000000079c880000,0x000000079c880000,0x000000079d580000)
  to   space 17408K, 0% used [0x000000079b380000,0x000000079b380000,0x000000079c480000)
 ParOldGen       total 90112K, used 22836K [0x00000006c0a00000, 0x00000006c6200000, 0x000000076ae00000)
  object space 90112K, 25% used [0x00000006c0a00000,0x00000006c204d2e0,0x00000006c6200000)
 Metaspace       used 31931K, capacity 32528K, committed 32768K, reserved 1079296K
  class space    used 4142K, capacity 4279K, committed 4352K, reserved 1048576K
}

