# JRE version: 7.0_25-b17
# Java VM: Java HotSpot(TM) 64-Bit Server VM (23.25-b01 mixed mode windows-amd64 compressed oops)
Heap
 PSYoungGen      total 274880K, used 172776K [0x00000007aae00000, 0x00000007bd160000, 0x0000000800000000)
  eden space 258880K, 60% used [0x00000007aae00000,0x00000007b4721b18,0x00000007baad0000)
  from space 16000K, 99% used [0x00000007bbce0000,0x00000007bcc78880,0x00000007bcc80000)
  to   space 18496K, 0% used [0x00000007baad0000,0x00000007baad0000,0x00000007bbce0000)
 ParOldGen       total 174336K, used 6145K [0x0000000700a00000, 0x000000070b440000, 0x00000007aae00000)
  object space 174336K, 3% used [0x0000000700a00000,0x0000000701000730,0x000000070b440000)
 PSPermGen       total 37568K, used 37494K [0x00000006fb800000, 0x00000006fdcb0000, 0x0000000700a00000)
  object space 37568K, 99% used [0x00000006fb800000,0x00000006fdc9daa8,0x00000006fdcb0000)
GC Heap History (10 events):
Event: 1.508 GC heap before
{Heap before GC invocations=2 (full 0):
 PSYoungGen      total 76224K, used 72260K [0x00000007aae00000, 0x00000007b0310000, 0x0000000800000000)
  eden space 65344K, 100% used [0x00000007aae00000,0x00000007aedd0000,0x00000007aedd0000)
  from space 10880K, 63% used [0x00000007aedd0000,0x00000007af491248,0x00000007af870000)
  to   space 10880K, 0% used [0x00000007af870000,0x00000007af870000,0x00000007b0310000)
 ParOldGen       total 174336K, used 8K [0x0000000700a00000, 0x000000070b440000, 0x00000007aae00000)
  object space 174336K, 0% used [0x0000000700a00000,0x0000000700a02000,0x000000070b440000)
 PSPermGen       total 21248K, used 16454K [0x00000006fb800000, 0x00000006fccc0000, 0x0000000700a00000)
  object space 21248K, 77% used [0x00000006fb800000,0x00000006fc811bc8,0x00000006fccc0000)
Event: 1.516 GC heap after
Heap after GC invocations=2 (full 0):
 PSYoungGen      total 76224K, used 9514K [0x00000007aae00000, 0x00000007b42e0000, 0x0000000800000000)
  eden space 65344K, 0% used [0x00000007aae00000,0x00000007aae00000,0x00000007aedd0000)
  from space 10880K, 87% used [0x00000007af870000,0x00000007b01baa90,0x00000007b0310000)
  to   space 10880K, 0% used [0x00000007aedd0000,0x00000007aedd0000,0x00000007af870000)
 ParOldGen       total 174336K, used 80K [0x0000000700a00000, 0x000000070b440000, 0x00000007aae00000)
  object space 174336K, 0% used [0x0000000700a00000,0x0000000700a14010,0x000000070b440000)
 PSPermGen       total 21248K, used 16454K [0x00000006fb800000, 0x00000006fccc0000, 0x0000000700a00000)
  object space 21248K, 77% used [0x00000006fb800000,0x00000006fc811bc8,0x00000006fccc0000)
}
Event: 1.928 GC heap before
{Heap before GC invocations=3 (full 0):
 PSYoungGen      total 76224K, used 74858K [0x00000007aae00000, 0x00000007b42e0000, 0x0000000800000000)
  eden space 65344K, 100% used [0x00000007aae00000,0x00000007aedd0000,0x00000007aedd0000)
  from space 10880K, 87% used [0x00000007af870000,0x00000007b01baa90,0x00000007b0310000)
  to   space 10880K, 0% used [0x00000007aedd0000,0x00000007aedd0000,0x00000007af870000)
 ParOldGen       total 174336K, used 80K [0x0000000700a00000, 0x000000070b440000, 0x00000007aae00000)
  object space 174336K, 0% used [0x0000000700a00000,0x0000000700a14010,0x000000070b440000)
 PSPermGen       total 21248K, used 20734K [0x00000006fb800000, 0x00000006fccc0000, 0x0000000700a00000)
  object space 21248K, 97% used [0x00000006fb800000,0x00000006fcc3f8a8,0x00000006fccc0000)
Event: 1.935 GC heap after
Heap after GC invocations=3 (full 0):
 PSYoungGen      total 76224K, used 7971K [0x00000007aae00000, 0x00000007b42e0000, 0x0000000800000000)
  eden space 65344K, 0% used [0x00000007aae00000,0x00000007aae00000,0x00000007aedd0000)
  from space 10880K, 73% used [0x00000007aedd0000,0x00000007af598d50,0x00000007af870000)
  to   space 10880K, 0% used [0x00000007b3840000,0x00000007b3840000,0x00000007b42e0000)
 ParOldGen       total 174336K, used 88K [0x0000000700a00000, 0x000000070b440000, 0x00000007aae00000)
  object space 174336K, 0% used [0x0000000700a00000,0x0000000700a16010,0x000000070b440000)
 PSPermGen       total 21248K, used 20734K [0x00000006fb800000, 0x00000006fccc0000, 0x0000000700a00000)
  object space 21248K, 97% used [0x00000006fb800000,0x00000006fcc3f8a8,0x00000006fccc0000)
}
Event: 2.617 GC heap before
{Heap before GC invocations=4 (full 0):
 PSYoungGen      total 76224K, used 73315K [0x00000007aae00000, 0x00000007b42e0000, 0x0000000800000000)
  eden space 65344K, 100% used [0x00000007aae00000,0x00000007aedd0000,0x00000007aedd0000)
  from space 10880K, 73% used [0x00000007aedd0000,0x00000007af598d50,0x00000007af870000)
  to   space 10880K, 0% used [0x00000007b3840000,0x00000007b3840000,0x00000007b42e0000)
 ParOldGen       total 174336K, used 88K [0x0000000700a00000, 0x000000070b440000, 0x00000007aae00000)
  object space 174336K, 0% used [0x0000000700a00000,0x0000000700a16010,0x000000070b440000)
 PSPermGen       total 25088K, used 25007K [0x00000006fb800000, 0x00000006fd080000, 0x0000000700a00000)
  object space 25088K, 99% used [0x00000006fb800000,0x00000006fd06beb8,0x00000006fd080000)
Event: 2.627 GC heap after
Heap after GC invocations=4 (full 0):
 PSYoungGen      total 141568K, used 10861K [0x00000007aae00000, 0x00000007b42e0000, 0x0000000800000000)
  eden space 130688K, 0% used [0x00000007aae00000,0x00000007aae00000,0x00000007b2da0000)
  from space 10880K, 99% used [0x00000007b3840000,0x00000007b42db690,0x00000007b42e0000)
  to   space 10880K, 0% used [0x00000007b2da0000,0x00000007b2da0000,0x00000007b3840000)
 ParOldGen       total 174336K, used 1133K [0x0000000700a00000, 0x000000070b440000, 0x00000007aae00000)
  object space 174336K, 0% used [0x0000000700a00000,0x0000000700b1b4c0,0x000000070b440000)
 PSPermGen       total 25088K, used 25007K [0x00000006fb800000, 0x00000006fd080000, 0x0000000700a00000)
  object space 25088K, 99% used [0x00000006fb800000,0x00000006fd06beb8,0x00000006fd080000)
}
Event: 3.786 GC heap before
{Heap before GC invocations=5 (full 0):
 PSYoungGen      total 141568K, used 141549K [0x00000007aae00000, 0x00000007b42e0000, 0x0000000800000000)
  eden space 130688K, 100% used [0x00000007aae00000,0x00000007b2da0000,0x00000007b2da0000)
  from space 10880K, 99% used [0x00000007b3840000,0x00000007b42db690,0x00000007b42e0000)
  to   space 10880K, 0% used [0x00000007b2da0000,0x00000007b2da0000,0x00000007b3840000)
 ParOldGen       total 174336K, used 1133K [0x0000000700a00000, 0x000000070b440000, 0x00000007aae00000)
  object space 174336K, 0% used [0x0000000700a00000,0x0000000700b1b4c0,0x000000070b440000)
 PSPermGen       total 32192K, used 32177K [0x00000006fb800000, 0x00000006fd770000, 0x0000000700a00000)
  object space 32192K, 99% used [0x00000006fb800000,0x00000006fd76c4e8,0x00000006fd770000)
Event: 3.806 GC heap after
Heap after GC invocations=5 (full 0):
 PSYoungGen      total 141568K, used 10864K [0x00000007aae00000, 0x00000007bcc80000, 0x0000000800000000)
  eden space 130688K, 0% used [0x00000007aae00000,0x00000007aae00000,0x00000007b2da0000)
  from space 10880K, 99% used [0x00000007b2da0000,0x00000007b383c308,0x00000007b3840000)
  to   space 16000K, 0% used [0x00000007bbce0000,0x00000007bbce0000,0x00000007bcc80000)
 ParOldGen       total 174336K, used 5689K [0x0000000700a00000, 0x000000070b440000, 0x00000007aae00000)
  object space 174336K, 3% used [0x0000000700a00000,0x0000000700f8e770,0x000000070b440000)
 PSPermGen       total 32192K, used 32177K [0x00000006fb800000, 0x00000006fd770000, 0x0000000700a00000)
  object space 32192K, 99% used [0x00000006fb800000,0x00000006fd76c4e8,0x00000006fd770000)
}
Event: 6.919 GC heap before
{Heap before GC invocations=6 (full 0):
 PSYoungGen      total 141568K, used 141552K [0x00000007aae00000, 0x00000007bcc80000, 0x0000000800000000)
  eden space 130688K, 100% used [0x00000007aae00000,0x00000007b2da0000,0x00000007b2da0000)
  from space 10880K, 99% used [0x00000007b2da0000,0x00000007b383c308,0x00000007b3840000)
  to   space 16000K, 0% used [0x00000007bbce0000,0x00000007bbce0000,0x00000007bcc80000)
 ParOldGen       total 174336K, used 5689K [0x0000000700a00000, 0x000000070b440000, 0x00000007aae00000)
  object space 174336K, 3% used [0x0000000700a00000,0x0000000700f8e770,0x000000070b440000)
 PSPermGen       total 34688K, used 34522K [0x00000006fb800000, 0x00000006fd9e0000, 0x0000000700a00000)
  object space 34688K, 99% used [0x00000006fb800000,0x00000006fd9b6930,0x00000006fd9e0000)
Event: 6.938 GC heap after
Heap after GC invocations=6 (full 0):
 PSYoungGen      total 274880K, used 15970K [0x00000007aae00000, 0x00000007bd160000, 0x0000000800000000)
  eden space 258880K, 0% used [0x00000007aae00000,0x00000007aae00000,0x00000007baad0000)
  from space 16000K, 99% used [0x00000007bbce0000,0x00000007bcc78880,0x00000007bcc80000)
  to   space 18496K, 0% used [0x00000007baad0000,0x00000007baad0000,0x00000007bbce0000)
 ParOldGen       total 174336K, used 6145K [0x0000000700a00000, 0x000000070b440000, 0x00000007aae00000)
  object space 174336K, 3% used [0x0000000700a00000,0x0000000701000730,0x000000070b440000)
 PSPermGen       total 34688K, used 34522K [0x00000006fb800000, 0x00000006fd9e0000, 0x0000000700a00000)
  object space 34688K, 99% used [0x00000006fb800000,0x00000006fd9b6930,0x00000006fd9e0000)
}

