# JRE version: Java(TM) SE Runtime Environment (8.0_161-b12) (build 1.8.0_161-b12)
# Java VM: Java HotSpot(TM) 64-Bit Server VM (25.161-b12 mixed mode windows-amd64 compressed oops)
Heap:
 PSYoungGen      total 274432K, used 163180K [0x000000076ae00000, 0x000000077e280000, 0x00000007c0000000)
  eden space 260096K, 57% used [0x000000076ae00000,0x0000000773f62c40,0x000000077ac00000)
  from space 14336K, 99% used [0x000000077d480000,0x000000077e2786d0,0x000000077e280000)
  to   space 10752K, 0% used [0x000000077ac00000,0x000000077ac00000,0x000000077b680000)
 ParOldGen       total 182272K, used 97732K [0x00000006c0a00000, 0x00000006cbc00000, 0x000000076ae00000)
  object space 182272K, 53% used [0x00000006c0a00000,0x00000006c6971110,0x00000006cbc00000)
 Metaspace       used 43665K, capacity 44072K, committed 44544K, reserved 1087488K
  class space    used 5497K, capacity 5585K, committed 5632K, reserved 1048576K
GC Heap History (10 events):
Event: 5.886 GC heap before
{Heap before GC invocations=8 (full 2):
 PSYoungGen      total 270848K, used 260096K [0x000000076ae00000, 0x000000077e280000, 0x00000007c0000000)
  eden space 260096K, 100% used [0x000000076ae00000,0x000000077ac00000,0x000000077ac00000)
  from space 10752K, 0% used [0x000000077ac00000,0x000000077ac00000,0x000000077b680000)
  to   space 14336K, 0% used [0x000000077d480000,0x000000077d480000,0x000000077e280000)
 ParOldGen       total 182272K, used 18880K [0x00000006c0a00000, 0x00000006cbc00000, 0x000000076ae00000)
  object space 182272K, 10% used [0x00000006c0a00000,0x00000006c1c700e0,0x00000006cbc00000)
 Metaspace       used 38174K, capacity 38522K, committed 39040K, reserved 1083392K
  class space    used 4789K, capacity 4900K, committed 4992K, reserved 1048576K
Event: 5.899 GC heap after
Heap after GC invocations=8 (full 2):
 PSYoungGen      total 274432K, used 14335K [0x000000076ae00000, 0x000000077e280000, 0x00000007c0000000)
  eden space 260096K, 0% used [0x000000076ae00000,0x000000076ae00000,0x000000077ac00000)
  from space 14336K, 99% used [0x000000077d480000,0x000000077e27ff68,0x000000077e280000)
  to   space 10752K, 0% used [0x000000077ac00000,0x000000077ac00000,0x000000077b680000)
 ParOldGen       total 182272K, used 34001K [0x00000006c0a00000, 0x00000006cbc00000, 0x000000076ae00000)
  object space 182272K, 18% used [0x00000006c0a00000,0x00000006c2b34438,0x00000006cbc00000)
 Metaspace       used 38174K, capacity 38522K, committed 39040K, reserved 1083392K
  class space    used 4789K, capacity 4900K, committed 4992K, reserved 1048576K
}
Event: 6.500 GC heap before
{Heap before GC invocations=9 (full 2):
 PSYoungGen      total 274432K, used 274431K [0x000000076ae00000, 0x000000077e280000, 0x00000007c0000000)
  eden space 260096K, 100% used [0x000000076ae00000,0x000000077ac00000,0x000000077ac00000)
  from space 14336K, 99% used [0x000000077d480000,0x000000077e27ff68,0x000000077e280000)
  to   space 10752K, 0% used [0x000000077ac00000,0x000000077ac00000,0x000000077b680000)
 ParOldGen       total 182272K, used 34001K [0x00000006c0a00000, 0x00000006cbc00000, 0x000000076ae00000)
  object space 182272K, 18% used [0x00000006c0a00000,0x00000006c2b34438,0x00000006cbc00000)
 Metaspace       used 38609K, capacity 38968K, committed 39296K, reserved 1083392K
  class space    used 4844K, capacity 4937K, committed 4992K, reserved 1048576K
Event: 6.511 GC heap after
Heap after GC invocations=9 (full 2):
 PSYoungGen      total 270848K, used 10739K [0x000000076ae00000, 0x000000077e280000, 0x00000007c0000000)
  eden space 260096K, 0% used [0x000000076ae00000,0x000000076ae00000,0x000000077ac00000)
  from space 10752K, 99% used [0x000000077ac00000,0x000000077b67cd30,0x000000077b680000)
  to   space 14336K, 0% used [0x000000077d480000,0x000000077d480000,0x000000077e280000)
 ParOldGen       total 182272K, used 50747K [0x00000006c0a00000, 0x00000006cbc00000, 0x000000076ae00000)
  object space 182272K, 27% used [0x00000006c0a00000,0x00000006c3b8ed00,0x00000006cbc00000)
 Metaspace       used 38609K, capacity 38968K, committed 39296K, reserved 1083392K
  class space    used 4844K, capacity 4937K, committed 4992K, reserved 1048576K
}
Event: 7.207 GC heap before
{Heap before GC invocations=10 (full 2):
 PSYoungGen      total 270848K, used 270835K [0x000000076ae00000, 0x000000077e280000, 0x00000007c0000000)
  eden space 260096K, 100% used [0x000000076ae00000,0x000000077ac00000,0x000000077ac00000)
  from space 10752K, 99% used [0x000000077ac00000,0x000000077b67cd30,0x000000077b680000)
  to   space 14336K, 0% used [0x000000077d480000,0x000000077d480000,0x000000077e280000)
 ParOldGen       total 182272K, used 50747K [0x00000006c0a00000, 0x00000006cbc00000, 0x000000076ae00000)
  object space 182272K, 27% used [0x00000006c0a00000,0x00000006c3b8ed00,0x00000006cbc00000)
 Metaspace       used 39475K, capacity 39844K, committed 40448K, reserved 1085440K
  class space    used 4940K, capacity 5035K, committed 5120K, reserved 1048576K
Event: 7.218 GC heap after
Heap after GC invocations=10 (full 2):
 PSYoungGen      total 274432K, used 14332K [0x000000076ae00000, 0x000000077e280000, 0x00000007c0000000)
  eden space 260096K, 0% used [0x000000076ae00000,0x000000076ae00000,0x000000077ac00000)
  from space 14336K, 99% used [0x000000077d480000,0x000000077e27f190,0x000000077e280000)
  to   space 10752K, 0% used [0x000000077ac00000,0x000000077ac00000,0x000000077b680000)
 ParOldGen       total 182272K, used 59988K [0x00000006c0a00000, 0x00000006cbc00000, 0x000000076ae00000)
  object space 182272K, 32% used [0x00000006c0a00000,0x00000006c4495018,0x00000006cbc00000)
 Metaspace       used 39475K, capacity 39844K, committed 40448K, reserved 1085440K
  class space    used 4940K, capacity 5035K, committed 5120K, reserved 1048576K
}
Event: 8.024 GC heap before
{Heap before GC invocations=11 (full 2):
 PSYoungGen      total 274432K, used 274428K [0x000000076ae00000, 0x000000077e280000, 0x00000007c0000000)
  eden space 260096K, 100% used [0x000000076ae00000,0x000000077ac00000,0x000000077ac00000)
  from space 14336K, 99% used [0x000000077d480000,0x000000077e27f190,0x000000077e280000)
  to   space 10752K, 0% used [0x000000077ac00000,0x000000077ac00000,0x000000077b680000)
 ParOldGen       total 182272K, used 59988K [0x00000006c0a00000, 0x00000006cbc00000, 0x000000076ae00000)
  object space 182272K, 32% used [0x00000006c0a00000,0x00000006c4495018,0x00000006cbc00000)
 Metaspace       used 41066K, capacity 41424K, committed 41984K, reserved 1085440K
  class space    used 5164K, capacity 5261K, committed 5376K, reserved 1048576K
Event: 8.050 GC heap after
Heap after GC invocations=11 (full 2):
 PSYoungGen      total 270848K, used 10751K [0x000000076ae00000, 0x000000077e280000, 0x00000007c0000000)
  eden space 260096K, 0% used [0x000000076ae00000,0x000000076ae00000,0x000000077ac00000)
  from space 10752K, 99% used [0x000000077ac00000,0x000000077b67ff48,0x000000077b680000)
  to   space 14336K, 0% used [0x000000077d480000,0x000000077d480000,0x000000077e280000)
 ParOldGen       total 182272K, used 76637K [0x00000006c0a00000, 0x00000006cbc00000, 0x000000076ae00000)
  object space 182272K, 42% used [0x00000006c0a00000,0x00000006c54d7570,0x00000006cbc00000)
 Metaspace       used 41066K, capacity 41424K, committed 41984K, reserved 1085440K
  class space    used 5164K, capacity 5261K, committed 5376K, reserved 1048576K
}
Event: 8.753 GC heap before
{Heap before GC invocations=12 (full 2):
 PSYoungGen      total 270848K, used 270847K [0x000000076ae00000, 0x000000077e280000, 0x00000007c0000000)
  eden space 260096K, 100% used [0x000000076ae00000,0x000000077ac00000,0x000000077ac00000)
  from space 10752K, 99% used [0x000000077ac00000,0x000000077b67ff48,0x000000077b680000)
  to   space 14336K, 0% used [0x000000077d480000,0x000000077d480000,0x000000077e280000)
 ParOldGen       total 182272K, used 76637K [0x00000006c0a00000, 0x00000006cbc00000, 0x000000076ae00000)
  object space 182272K, 42% used [0x00000006c0a00000,0x00000006c54d7570,0x00000006cbc00000)
 Metaspace       used 42370K, capacity 42768K, committed 43136K, reserved 1087488K
  class space    used 5345K, capacity 5453K, committed 5504K, reserved 1048576K
Event: 8.772 GC heap after
Heap after GC invocations=12 (full 2):
 PSYoungGen      total 274432K, used 14305K [0x000000076ae00000, 0x000000077e280000, 0x00000007c0000000)
  eden space 260096K, 0% used [0x000000076ae00000,0x000000076ae00000,0x000000077ac00000)
  from space 14336K, 99% used [0x000000077d480000,0x000000077e2786d0,0x000000077e280000)
  to   space 10752K, 0% used [0x000000077ac00000,0x000000077ac00000,0x000000077b680000)
 ParOldGen       total 182272K, used 97732K [0x00000006c0a00000, 0x00000006cbc00000, 0x000000076ae00000)
  object space 182272K, 53% used [0x00000006c0a00000,0x00000006c6971110,0x00000006cbc00000)
 Metaspace       used 42370K, capacity 42768K, committed 43136K, reserved 1087488K
  class space    used 5345K, capacity 5453K, committed 5504K, reserved 1048576K
}

