# JRE version: Java(TM) SE Runtime Environment (8.0_161-b12) (build 1.8.0_161-b12)
# Java VM: Java HotSpot(TM) 64-Bit Server VM (25.161-b12 mixed mode windows-amd64 compressed oops)
Heap:
 PSYoungGen      total 498688K, used 133111K [0x000000076ae00000, 0x0000000796980000, 0x00000007c0000000)
  eden space 463360K, 21% used [0x000000076ae00000,0x0000000770d804a8,0x0000000787280000)
  from space 35328K, 99% used [0x0000000787280000,0x00000007894fdae8,0x0000000789500000)
  to   space 51200K, 0% used [0x0000000793780000,0x0000000793780000,0x0000000796980000)
 ParOldGen       total 172544K, used 67597K [0x00000006c0a00000, 0x00000006cb280000, 0x000000076ae00000)
  object space 172544K, 39% used [0x00000006c0a00000,0x00000006c4c03710,0x00000006cb280000)
 Metaspace       used 44075K, capacity 44480K, committed 45016K, reserved 1089536K
  class space    used 5448K, capacity 5551K, committed 5592K, reserved 1048576K
GC Heap History (10 events):
Event: 6.431 GC heap before
{Heap before GC invocations=7 (full 1):
 PSYoungGen      total 272384K, used 138706K [0x000000076ae00000, 0x000000077ff00000, 0x00000007c0000000)
  eden space 261632K, 48% used [0x000000076ae00000,0x0000000772af61d0,0x000000077ad80000)
  from space 10752K, 99% used [0x000000077ad80000,0x000000077b7fe890,0x000000077b800000)
  to   space 20480K, 0% used [0x000000077eb00000,0x000000077eb00000,0x000000077ff00000)
 ParOldGen       total 102912K, used 20570K [0x00000006c0a00000, 0x00000006c6e80000, 0x000000076ae00000)
  object space 102912K, 19% used [0x00000006c0a00000,0x00000006c1e16ae8,0x00000006c6e80000)
 Metaspace       used 34827K, capacity 35162K, committed 35416K, reserved 1081344K
  class space    used 4243K, capacity 4354K, committed 4440K, reserved 1048576K
Event: 6.452 GC heap after
Heap after GC invocations=7 (full 1):
 PSYoungGen      total 320000K, used 20476K [0x000000076ae00000, 0x0000000785f80000, 0x00000007c0000000)
  eden space 299520K, 0% used [0x000000076ae00000,0x000000076ae00000,0x000000077d280000)
  from space 20480K, 99% used [0x000000077eb00000,0x000000077feff370,0x000000077ff00000)
  to   space 25088K, 0% used [0x000000077d280000,0x000000077d280000,0x000000077eb00000)
 ParOldGen       total 102912K, used 23213K [0x00000006c0a00000, 0x00000006c6e80000, 0x000000076ae00000)
  object space 102912K, 22% used [0x00000006c0a00000,0x00000006c20ab568,0x00000006c6e80000)
 Metaspace       used 34827K, capacity 35162K, committed 35416K, reserved 1081344K
  class space    used 4243K, capacity 4354K, committed 4440K, reserved 1048576K
}
Event: 6.452 GC heap before
{Heap before GC invocations=8 (full 2):
 PSYoungGen      total 320000K, used 20476K [0x000000076ae00000, 0x0000000785f80000, 0x00000007c0000000)
  eden space 299520K, 0% used [0x000000076ae00000,0x000000076ae00000,0x000000077d280000)
  from space 20480K, 99% used [0x000000077eb00000,0x000000077feff370,0x000000077ff00000)
  to   space 25088K, 0% used [0x000000077d280000,0x000000077d280000,0x000000077eb00000)
 ParOldGen       total 102912K, used 23213K [0x00000006c0a00000, 0x00000006c6e80000, 0x000000076ae00000)
  object space 102912K, 22% used [0x00000006c0a00000,0x00000006c20ab568,0x00000006c6e80000)
 Metaspace       used 34827K, capacity 35162K, committed 35416K, reserved 1081344K
  class space    used 4243K, capacity 4354K, committed 4440K, reserved 1048576K
Event: 6.498 GC heap after
Heap after GC invocations=8 (full 2):
 PSYoungGen      total 320000K, used 0K [0x000000076ae00000, 0x0000000785f80000, 0x00000007c0000000)
  eden space 299520K, 0% used [0x000000076ae00000,0x000000076ae00000,0x000000077d280000)
  from space 20480K, 0% used [0x000000077eb00000,0x000000077eb00000,0x000000077ff00000)
  to   space 25088K, 0% used [0x000000077d280000,0x000000077d280000,0x000000077eb00000)
 ParOldGen       total 172544K, used 29346K [0x00000006c0a00000, 0x00000006cb280000, 0x000000076ae00000)
  object space 172544K, 17% used [0x00000006c0a00000,0x00000006c26a8a88,0x00000006cb280000)
 Metaspace       used 34827K, capacity 35162K, committed 35416K, reserved 1081344K
  class space    used 4243K, capacity 4354K, committed 4440K, reserved 1048576K
}
Event: 7.650 GC heap before
{Heap before GC invocations=9 (full 2):
 PSYoungGen      total 320000K, used 299520K [0x000000076ae00000, 0x0000000785f80000, 0x00000007c0000000)
  eden space 299520K, 100% used [0x000000076ae00000,0x000000077d280000,0x000000077d280000)
  from space 20480K, 0% used [0x000000077eb00000,0x000000077eb00000,0x000000077ff00000)
  to   space 25088K, 0% used [0x000000077d280000,0x000000077d280000,0x000000077eb00000)
 ParOldGen       total 172544K, used 29346K [0x00000006c0a00000, 0x00000006cb280000, 0x000000076ae00000)
  object space 172544K, 17% used [0x00000006c0a00000,0x00000006c26a8a88,0x00000006cb280000)
 Metaspace       used 40637K, capacity 40982K, committed 41560K, reserved 1085440K
  class space    used 5003K, capacity 5096K, committed 5208K, reserved 1048576K
Event: 7.667 GC heap after
Heap after GC invocations=9 (full 2):
 PSYoungGen      total 324608K, used 25071K [0x000000076ae00000, 0x000000078b800000, 0x00000007c0000000)
  eden space 299520K, 0% used [0x000000076ae00000,0x000000076ae00000,0x000000077d280000)
  from space 25088K, 99% used [0x000000077d280000,0x000000077eafbd70,0x000000077eb00000)
  to   space 35840K, 0% used [0x0000000789500000,0x0000000789500000,0x000000078b800000)
 ParOldGen       total 172544K, used 42016K [0x00000006c0a00000, 0x00000006cb280000, 0x000000076ae00000)
  object space 172544K, 24% used [0x00000006c0a00000,0x00000006c3308020,0x00000006cb280000)
 Metaspace       used 40637K, capacity 40982K, committed 41560K, reserved 1085440K
  class space    used 5003K, capacity 5096K, committed 5208K, reserved 1048576K
}
Event: 8.486 GC heap before
{Heap before GC invocations=10 (full 2):
 PSYoungGen      total 324608K, used 324591K [0x000000076ae00000, 0x000000078b800000, 0x00000007c0000000)
  eden space 299520K, 100% used [0x000000076ae00000,0x000000077d280000,0x000000077d280000)
  from space 25088K, 99% used [0x000000077d280000,0x000000077eafbd70,0x000000077eb00000)
  to   space 35840K, 0% used [0x0000000789500000,0x0000000789500000,0x000000078b800000)
 ParOldGen       total 172544K, used 42016K [0x00000006c0a00000, 0x00000006cb280000, 0x000000076ae00000)
  object space 172544K, 24% used [0x00000006c0a00000,0x00000006c3308020,0x00000006cb280000)
 Metaspace       used 41262K, capacity 41576K, committed 42072K, reserved 1085440K
  class space    used 5080K, capacity 5163K, committed 5208K, reserved 1048576K
Event: 8.510 GC heap after
Heap after GC invocations=10 (full 2):
 PSYoungGen      total 499200K, used 21828K [0x000000076ae00000, 0x000000078bb00000, 0x00000007c0000000)
  eden space 463360K, 0% used [0x000000076ae00000,0x000000076ae00000,0x0000000787280000)
  from space 35840K, 60% used [0x0000000789500000,0x000000078aa51388,0x000000078b800000)
  to   space 35328K, 0% used [0x0000000787280000,0x0000000787280000,0x0000000789500000)
 ParOldGen       total 172544K, used 42016K [0x00000006c0a00000, 0x00000006cb280000, 0x000000076ae00000)
  object space 172544K, 24% used [0x00000006c0a00000,0x00000006c3308020,0x00000006cb280000)
 Metaspace       used 41262K, capacity 41576K, committed 42072K, reserved 1085440K
  class space    used 5080K, capacity 5163K, committed 5208K, reserved 1048576K
}
Event: 10.030 GC heap before
{Heap before GC invocations=11 (full 2):
 PSYoungGen      total 499200K, used 485188K [0x000000076ae00000, 0x000000078bb00000, 0x00000007c0000000)
  eden space 463360K, 100% used [0x000000076ae00000,0x0000000787280000,0x0000000787280000)
  from space 35840K, 60% used [0x0000000789500000,0x000000078aa51388,0x000000078b800000)
  to   space 35328K, 0% used [0x0000000787280000,0x0000000787280000,0x0000000789500000)
 ParOldGen       total 172544K, used 42016K [0x00000006c0a00000, 0x00000006cb280000, 0x000000076ae00000)
  object space 172544K, 24% used [0x00000006c0a00000,0x00000006c3308020,0x00000006cb280000)
 Metaspace       used 43669K, capacity 44014K, committed 44504K, reserved 1087488K
  class space    used 5399K, capacity 5484K, committed 5592K, reserved 1048576K
Event: 10.058 GC heap after
Heap after GC invocations=11 (full 2):
 PSYoungGen      total 498688K, used 35318K [0x000000076ae00000, 0x0000000796980000, 0x00000007c0000000)
  eden space 463360K, 0% used [0x000000076ae00000,0x000000076ae00000,0x0000000787280000)
  from space 35328K, 99% used [0x0000000787280000,0x00000007894fdae8,0x0000000789500000)
  to   space 51200K, 0% used [0x0000000793780000,0x0000000793780000,0x0000000796980000)
 ParOldGen       total 172544K, used 67597K [0x00000006c0a00000, 0x00000006cb280000, 0x000000076ae00000)
  object space 172544K, 39% used [0x00000006c0a00000,0x00000006c4c03710,0x00000006cb280000)
 Metaspace       used 43669K, capacity 44014K, committed 44504K, reserved 1087488K
  class space    used 5399K, capacity 5484K, committed 5592K, reserved 1048576K
}

