# JRE version: 7.0_25-b17
# Java VM: Java HotSpot(TM) 64-Bit Server VM (23.25-b01 mixed mode windows-amd64 compressed oops)
Heap
 PSYoungGen      total 867584K, used 3749K [0x00000007aae00000, 0x00000007e2360000, 0x0000000800000000)
  eden space 829312K, 0% used [0x00000007aae00000,0x00000007ab1a9438,0x00000007dd7e0000)
  from space 38272K, 0% used [0x00000007dfe00000,0x00000007dfe00000,0x00000007e2360000)
  to   space 38656K, 0% used [0x00000007dd7e0000,0x00000007dd7e0000,0x00000007dfda0000)
 ParOldGen       total 951552K, used 43959K [0x0000000700a00000, 0x000000073ab40000, 0x00000007aae00000)
  object space 951552K, 4% used [0x0000000700a00000,0x00000007034edfc8,0x000000073ab40000)
 PSPermGen       total 83968K, used 83967K [0x00000006fb800000, 0x0000000700a00000, 0x0000000700a00000)
  object space 83968K, 99% used [0x00000006fb800000,0x00000007009fffd8,0x0000000700a00000)
GC Heap History (10 events):
Event: 48.101 GC heap before
{Heap before GC invocations=18 (full 4):
 PSYoungGen      total 852288K, used 192K [0x00000007aae00000, 0x00000007e18c0000, 0x0000000800000000)
  eden space 816512K, 0% used [0x00000007aae00000,0x00000007aae00000,0x00000007dcb60000)
  from space 35776K, 0% used [0x00000007df5d0000,0x00000007df600000,0x00000007e18c0000)
  to   space 39616K, 0% used [0x00000007dcb60000,0x00000007dcb60000,0x00000007df210000)
 ParOldGen       total 355008K, used 48063K [0x0000000700a00000, 0x00000007164b0000, 0x00000007aae00000)
  object space 355008K, 13% used [0x0000000700a00000,0x00000007038efd90,0x00000007164b0000)
 PSPermGen       total 83968K, used 83967K [0x00000006fb800000, 0x0000000700a00000, 0x0000000700a00000)
  object space 83968K, 99% used [0x00000006fb800000,0x00000007009ffdc0,0x0000000700a00000)
Event: 48.206 GC heap after
Heap after GC invocations=18 (full 4):
 PSYoungGen      total 852288K, used 0K [0x00000007aae00000, 0x00000007e18c0000, 0x0000000800000000)
  eden space 816512K, 0% used [0x00000007aae00000,0x00000007aae00000,0x00000007dcb60000)
  from space 35776K, 0% used [0x00000007df5d0000,0x00000007df5d0000,0x00000007e18c0000)
  to   space 39616K, 0% used [0x00000007dcb60000,0x00000007dcb60000,0x00000007df210000)
 ParOldGen       total 521344K, used 44093K [0x0000000700a00000, 0x0000000720720000, 0x00000007aae00000)
  object space 521344K, 8% used [0x0000000700a00000,0x000000070350f6d8,0x0000000720720000)
 PSPermGen       total 83968K, used 83967K [0x00000006fb800000, 0x0000000700a00000, 0x0000000700a00000)
  object space 83968K, 99% used [0x00000006fb800000,0x00000007009ffd18,0x0000000700a00000)
}
Event: 48.221 GC heap before
{Heap before GC invocations=19 (full 4):
 PSYoungGen      total 852288K, used 0K [0x00000007aae00000, 0x00000007e18c0000, 0x0000000800000000)
  eden space 816512K, 0% used [0x00000007aae00000,0x00000007aae00000,0x00000007dcb60000)
  from space 35776K, 0% used [0x00000007df5d0000,0x00000007df5d0000,0x00000007e18c0000)
  to   space 39616K, 0% used [0x00000007dcb60000,0x00000007dcb60000,0x00000007df210000)
 ParOldGen       total 521344K, used 44093K [0x0000000700a00000, 0x0000000720720000, 0x00000007aae00000)
  object space 521344K, 8% used [0x0000000700a00000,0x000000070350f6d8,0x0000000720720000)
 PSPermGen       total 83968K, used 83967K [0x00000006fb800000, 0x0000000700a00000, 0x0000000700a00000)
  object space 83968K, 99% used [0x00000006fb800000,0x00000007009fffd8,0x0000000700a00000)
Event: 48.224 GC heap after
Heap after GC invocations=19 (full 4):
 PSYoungGen      total 856128K, used 0K [0x00000007aae00000, 0x00000007e2460000, 0x0000000800000000)
  eden space 816512K, 0% used [0x00000007aae00000,0x00000007aae00000,0x00000007dcb60000)
  from space 39616K, 0% used [0x00000007dcb60000,0x00000007dcb60000,0x00000007df210000)
  to   space 39296K, 0% used [0x00000007dfe00000,0x00000007dfe00000,0x00000007e2460000)
 ParOldGen       total 521344K, used 44093K [0x0000000700a00000, 0x0000000720720000, 0x00000007aae00000)
  object space 521344K, 8% used [0x0000000700a00000,0x000000070350f6d8,0x0000000720720000)
 PSPermGen       total 83968K, used 83967K [0x00000006fb800000, 0x0000000700a00000, 0x0000000700a00000)
  object space 83968K, 99% used [0x00000006fb800000,0x00000007009fffd8,0x0000000700a00000)
}
Event: 48.224 GC heap before
{Heap before GC invocations=20 (full 5):
 PSYoungGen      total 856128K, used 0K [0x00000007aae00000, 0x00000007e2460000, 0x0000000800000000)
  eden space 816512K, 0% used [0x00000007aae00000,0x00000007aae00000,0x00000007dcb60000)
  from space 39616K, 0% used [0x00000007dcb60000,0x00000007dcb60000,0x00000007df210000)
  to   space 39296K, 0% used [0x00000007dfe00000,0x00000007dfe00000,0x00000007e2460000)
 ParOldGen       total 521344K, used 44093K [0x0000000700a00000, 0x0000000720720000, 0x00000007aae00000)
  object space 521344K, 8% used [0x0000000700a00000,0x000000070350f6d8,0x0000000720720000)
 PSPermGen       total 83968K, used 83967K [0x00000006fb800000, 0x0000000700a00000, 0x0000000700a00000)
  object space 83968K, 99% used [0x00000006fb800000,0x00000007009fffd8,0x0000000700a00000)
Event: 48.337 GC heap after
Heap after GC invocations=20 (full 5):
 PSYoungGen      total 856128K, used 0K [0x00000007aae00000, 0x00000007e2460000, 0x0000000800000000)
  eden space 816512K, 0% used [0x00000007aae00000,0x00000007aae00000,0x00000007dcb60000)
  from space 39616K, 0% used [0x00000007dcb60000,0x00000007dcb60000,0x00000007df210000)
  to   space 39296K, 0% used [0x00000007dfe00000,0x00000007dfe00000,0x00000007e2460000)
 ParOldGen       total 701184K, used 44001K [0x0000000700a00000, 0x000000072b6c0000, 0x00000007aae00000)
  object space 701184K, 6% used [0x0000000700a00000,0x00000007034f86f8,0x000000072b6c0000)
 PSPermGen       total 83968K, used 83967K [0x00000006fb800000, 0x0000000700a00000, 0x0000000700a00000)
  object space 83968K, 99% used [0x00000006fb800000,0x00000007009fffd8,0x0000000700a00000)
}
Event: 48.337 GC heap before
{Heap before GC invocations=21 (full 5):
 PSYoungGen      total 856128K, used 0K [0x00000007aae00000, 0x00000007e2460000, 0x0000000800000000)
  eden space 816512K, 0% used [0x00000007aae00000,0x00000007aae00000,0x00000007dcb60000)
  from space 39616K, 0% used [0x00000007dcb60000,0x00000007dcb60000,0x00000007df210000)
  to   space 39296K, 0% used [0x00000007dfe00000,0x00000007dfe00000,0x00000007e2460000)
 ParOldGen       total 701184K, used 44001K [0x0000000700a00000, 0x000000072b6c0000, 0x00000007aae00000)
  object space 701184K, 6% used [0x0000000700a00000,0x00000007034f86f8,0x000000072b6c0000)
 PSPermGen       total 83968K, used 83967K [0x00000006fb800000, 0x0000000700a00000, 0x0000000700a00000)
  object space 83968K, 99% used [0x00000006fb800000,0x00000007009fffd8,0x0000000700a00000)
Event: 48.340 GC heap after
Heap after GC invocations=21 (full 5):
 PSYoungGen      total 867584K, used 0K [0x00000007aae00000, 0x00000007e2360000, 0x0000000800000000)
  eden space 829312K, 0% used [0x00000007aae00000,0x00000007aae00000,0x00000007dd7e0000)
  from space 38272K, 0% used [0x00000007dfe00000,0x00000007dfe00000,0x00000007e2360000)
  to   space 38656K, 0% used [0x00000007dd7e0000,0x00000007dd7e0000,0x00000007dfda0000)
 ParOldGen       total 701184K, used 44001K [0x0000000700a00000, 0x000000072b6c0000, 0x00000007aae00000)
  object space 701184K, 6% used [0x0000000700a00000,0x00000007034f86f8,0x000000072b6c0000)
 PSPermGen       total 83968K, used 83967K [0x00000006fb800000, 0x0000000700a00000, 0x0000000700a00000)
  object space 83968K, 99% used [0x00000006fb800000,0x00000007009fffd8,0x0000000700a00000)
}
Event: 48.340 GC heap before
{Heap before GC invocations=22 (full 6):
 PSYoungGen      total 867584K, used 0K [0x00000007aae00000, 0x00000007e2360000, 0x0000000800000000)
  eden space 829312K, 0% used [0x00000007aae00000,0x00000007aae00000,0x00000007dd7e0000)
  from space 38272K, 0% used [0x00000007dfe00000,0x00000007dfe00000,0x00000007e2360000)
  to   space 38656K, 0% used [0x00000007dd7e0000,0x00000007dd7e0000,0x00000007dfda0000)
 ParOldGen       total 701184K, used 44001K [0x0000000700a00000, 0x000000072b6c0000, 0x00000007aae00000)
  object space 701184K, 6% used [0x0000000700a00000,0x00000007034f86f8,0x000000072b6c0000)
 PSPermGen       total 83968K, used 83967K [0x00000006fb800000, 0x0000000700a00000, 0x0000000700a00000)
  object space 83968K, 99% used [0x00000006fb800000,0x00000007009fffd8,0x0000000700a00000)
Event: 48.517 GC heap after
Heap after GC invocations=22 (full 6):
 PSYoungGen      total 867584K, used 0K [0x00000007aae00000, 0x00000007e2360000, 0x0000000800000000)
  eden space 829312K, 0% used [0x00000007aae00000,0x00000007aae00000,0x00000007dd7e0000)
  from space 38272K, 0% used [0x00000007dfe00000,0x00000007dfe00000,0x00000007e2360000)
  to   space 38656K, 0% used [0x00000007dd7e0000,0x00000007dd7e0000,0x00000007dfda0000)
 ParOldGen       total 951552K, used 43959K [0x0000000700a00000, 0x000000073ab40000, 0x00000007aae00000)
  object space 951552K, 4% used [0x0000000700a00000,0x00000007034edfc8,0x000000073ab40000)
 PSPermGen       total 83968K, used 83967K [0x00000006fb800000, 0x0000000700a00000, 0x0000000700a00000)
  object space 83968K, 99% used [0x00000006fb800000,0x00000007009fffd8,0x0000000700a00000)
}

